2021-03-23 04:25:16 INFO  Hooks:25 - :::: Starting automation :::
2021-03-23 04:25:16 INFO  Hooks:26 - Base URL : http://localhost
2021-03-23 04:28:23 INFO  Hooks:25 - :::: Starting automation :::
2021-03-23 04:28:23 INFO  Hooks:26 - Base URL : http://localhost
2021-03-23 05:19:47 INFO  Hooks:25 - :::: Starting automation :::
2021-03-23 05:19:47 INFO  Hooks:26 - Base URL : http://localhost
2021-03-23 05:20:55 INFO  Hooks:25 - :::: Starting automation :::
2021-03-23 05:20:55 INFO  Hooks:26 - Base URL : http://localhost
2021-03-23 05:21:24 INFO  Hooks:25 - :::: Starting automation :::
2021-03-23 05:21:24 INFO  Hooks:26 - Base URL : http://localhost
2021-03-23 05:22:52 INFO  Hooks:25 - :::: Starting automation :::
2021-03-23 05:22:52 INFO  Hooks:26 - Base URL : http://localhost
2021-03-23 16:48:16 INFO  Hooks:20 - :::: Starting automation :::
2021-03-23 16:48:16 INFO  Hooks:21 - Base URL : http://localhost
2021-03-23 16:49:08 INFO  Hooks:20 - :::: Starting automation :::
2021-03-23 16:49:08 INFO  Hooks:21 - Base URL : http://localhost
2021-03-23 16:49:36 INFO  Hooks:20 - :::: Starting automation :::
2021-03-23 16:49:36 INFO  Hooks:21 - Base URL : http://localhost
2021-03-23 16:51:25 INFO  Hooks:20 - :::: Starting automation :::
2021-03-23 16:51:25 INFO  Hooks:21 - Base URL : http://localhost
2021-03-23 16:54:21 INFO  Hooks:20 - :::: Starting automation :::
2021-03-23 16:54:21 INFO  Hooks:21 - Base URL : http://localhost
2021-03-23 17:23:49 INFO  Hooks:20 - :::: Starting automation :::
2021-03-23 17:23:49 INFO  Hooks:21 - Base URL : http://localhost
2021-03-23 17:24:46 INFO  Hooks:20 - :::: Starting automation :::
2021-03-23 17:24:46 INFO  Hooks:21 - Base URL : http://localhost
2021-03-23 17:26:30 INFO  Hooks:20 - :::: Starting automation :::
2021-03-23 17:26:30 INFO  Hooks:21 - Base URL : http://localhost
2021-03-23 17:27:27 INFO  Hooks:20 - :::: Starting automation :::
2021-03-23 17:27:27 INFO  Hooks:21 - Base URL : http://localhost
2021-03-23 17:28:12 INFO  Hooks:20 - :::: Starting automation :::
2021-03-23 17:28:12 INFO  Hooks:21 - Base URL : http://localhost
2021-03-23 21:37:46 INFO  Hooks:20 - :::: Starting automation :::
2021-03-23 21:37:46 INFO  Hooks:21 - Base URL : http://localhost
2021-03-23 21:38:20 INFO  Hooks:20 - :::: Starting automation :::
2021-03-23 21:38:20 INFO  Hooks:21 - Base URL : http://localhost
2021-03-23 21:38:52 INFO  Hooks:20 - :::: Starting automation :::
2021-03-23 21:38:52 INFO  Hooks:21 - Base URL : http://localhost
2021-03-23 21:39:59 INFO  Hooks:20 - :::: Starting automation :::
2021-03-23 21:39:59 INFO  Hooks:21 - Base URL : http://localhost
2021-03-23 21:47:06 INFO  Hooks:20 - :::: Starting automation :::
2021-03-23 21:47:06 INFO  Hooks:21 - Base URL : http://localhost
2021-03-23 21:48:57 INFO  Hooks:20 - :::: Starting automation :::
2021-03-23 21:48:57 INFO  Hooks:21 - Base URL : http://localhost
2021-03-23 21:52:48 INFO  Hooks:20 - :::: Starting automation :::
2021-03-23 21:52:48 INFO  Hooks:21 - Base URL : http://localhost
2021-03-23 22:00:58 INFO  Hooks:20 - :::: Starting automation :::
2021-03-23 22:00:58 INFO  Hooks:21 - Base URL : http://localhost
2021-03-23 22:03:18 INFO  Hooks:20 - :::: Starting automation :::
2021-03-23 22:03:18 INFO  Hooks:21 - Base URL : http://localhost
2021-03-24 10:09:52 INFO  Hooks:20 - :::: Starting automation :::
2021-03-24 10:09:52 INFO  Hooks:21 - Base URL : http://localhost:300/payload
2021-03-24 10:10:53 INFO  Hooks:20 - :::: Starting automation :::
2021-03-24 10:10:53 INFO  Hooks:21 - Base URL : http://localhost:300/payload
2021-03-24 10:12:21 INFO  Hooks:20 - :::: Starting automation :::
2021-03-24 10:12:21 INFO  Hooks:21 - Base URL : http://localhost:300/payload
2021-03-24 10:14:20 INFO  Hooks:20 - :::: Starting automation :::
2021-03-24 10:14:20 INFO  Hooks:21 - Base URL : http://localhost:300/payload
2021-03-24 10:15:25 INFO  Hooks:20 - :::: Starting automation :::
2021-03-24 10:15:25 INFO  Hooks:21 - Base URL : http://localhost:300/payload
2021-03-24 10:43:11 INFO  Hooks:20 - :::: Starting automation :::
2021-03-24 10:43:11 INFO  Hooks:21 - Base URL : http://localhost:300/payload
2021-03-24 12:46:33 INFO  Hooks:20 - :::: Starting automation :::
2021-03-24 12:46:33 INFO  Hooks:21 - Base URL : http://localhost:300/payload
2021-03-24 12:46:37 INFO  Hooks:20 - :::: Starting automation :::
2021-03-24 12:46:37 INFO  Hooks:21 - Base URL : http://localhost:300/payload
2021-03-24 12:47:27 INFO  Hooks:20 - :::: Starting automation :::
2021-03-24 12:47:27 INFO  Hooks:21 - Base URL : http://localhost:300
2021-03-24 12:47:30 INFO  Hooks:20 - :::: Starting automation :::
2021-03-24 12:47:30 INFO  Hooks:21 - Base URL : http://localhost:300
2021-03-24 12:49:00 INFO  Hooks:20 - :::: Starting automation :::
2021-03-24 12:49:00 INFO  Hooks:21 - Base URL : http://localhost:300
2021-03-24 12:49:03 INFO  Hooks:20 - :::: Starting automation :::
2021-03-24 12:49:03 INFO  Hooks:21 - Base URL : http://localhost:300
2021-03-24 12:49:54 INFO  Hooks:20 - :::: Starting automation :::
2021-03-24 12:49:54 INFO  Hooks:21 - Base URL : http://localhost:300
2021-03-24 12:49:57 INFO  Hooks:20 - :::: Starting automation :::
2021-03-24 12:49:57 INFO  Hooks:21 - Base URL : http://localhost:300
2021-03-24 12:51:04 INFO  Hooks:20 - :::: Starting automation :::
2021-03-24 12:51:04 INFO  Hooks:21 - Base URL : http://localhost:3000
2021-03-24 12:51:08 INFO  Hooks:20 - :::: Starting automation :::
2021-03-24 12:51:08 INFO  Hooks:21 - Base URL : http://localhost:3000
2021-03-24 12:51:50 INFO  Hooks:20 - :::: Starting automation :::
2021-03-24 12:51:50 INFO  Hooks:21 - Base URL : http://localhost:3000
2021-03-24 12:51:54 INFO  Hooks:20 - :::: Starting automation :::
2021-03-24 12:51:54 INFO  Hooks:21 - Base URL : http://localhost:3000
2021-03-24 13:41:55 INFO  Hooks:20 - :::: Starting automation :::
2021-03-24 13:41:55 INFO  Hooks:21 - Base URL : http://localhost:3000
2021-03-24 13:44:53 INFO  Hooks:20 - :::: Starting automation :::
2021-03-24 13:44:53 INFO  Hooks:21 - Base URL : http://localhost:3000
2021-03-24 13:45:52 INFO  Hooks:20 - :::: Starting automation :::
2021-03-24 13:45:52 INFO  Hooks:21 - Base URL : http://localhost:3000
2021-03-24 13:49:36 INFO  Hooks:20 - :::: Starting automation :::
2021-03-24 13:49:36 INFO  Hooks:21 - Base URL : http://localhost:3000
2021-03-24 13:53:41 INFO  Hooks:20 - :::: Starting automation :::
2021-03-24 13:53:41 INFO  Hooks:21 - Base URL : http://localhost:3000
2021-03-24 13:57:14 INFO  Hooks:20 - :::: Starting automation :::
2021-03-24 13:57:14 INFO  Hooks:21 - Base URL : http://localhost:3000
2021-03-24 13:59:40 INFO  Hooks:20 - :::: Starting automation :::
2021-03-24 13:59:40 INFO  Hooks:21 - Base URL : http://localhost:3000
2021-03-24 14:02:20 INFO  Hooks:20 - :::: Starting automation :::
2021-03-24 14:02:20 INFO  Hooks:21 - Base URL : http://localhost:3000
2021-03-24 14:09:38 INFO  Hooks:20 - :::: Starting automation :::
2021-03-24 14:09:38 INFO  Hooks:21 - Base URL : http://localhost:3000
2021-03-24 14:09:50 INFO  Hooks:20 - :::: Starting automation :::
2021-03-24 14:09:50 INFO  Hooks:21 - Base URL : http://localhost:3000
2021-03-24 14:10:48 INFO  Hooks:20 - :::: Starting automation :::
2021-03-24 14:10:48 INFO  Hooks:21 - Base URL : http://localhost:3000
2021-03-24 14:12:05 INFO  Hooks:20 - :::: Starting automation :::
2021-03-24 14:12:05 INFO  Hooks:21 - Base URL : http://localhost:3000
2021-03-24 14:12:49 INFO  Hooks:20 - :::: Starting automation :::
2021-03-24 14:12:49 INFO  Hooks:21 - Base URL : http://localhost:3000
2021-03-24 14:13:41 INFO  Hooks:20 - :::: Starting automation :::
2021-03-24 14:13:41 INFO  Hooks:21 - Base URL : http://localhost:3000
2021-03-24 14:17:19 INFO  Hooks:20 - :::: Starting automation :::
2021-03-24 14:17:19 INFO  Hooks:21 - Base URL : http://localhost:3000
2021-03-24 14:17:24 INFO  Hooks:20 - :::: Starting automation :::
2021-03-24 14:17:24 INFO  Hooks:21 - Base URL : http://localhost:3000
2021-03-24 14:26:49 INFO  Hooks:20 - :::: Starting automation :::
2021-03-24 14:26:49 INFO  Hooks:21 - Base URL : http://localhost:3000
2021-03-24 14:27:31 INFO  Hooks:20 - :::: Starting automation :::
2021-03-24 14:27:31 INFO  Hooks:21 - Base URL : http://localhost:3000
2021-03-24 14:30:01 INFO  Hooks:20 - :::: Starting automation :::
2021-03-24 14:30:01 INFO  Hooks:21 - Base URL : http://localhost:3000
2021-03-24 14:30:04 INFO  Hooks:20 - :::: Starting automation :::
2021-03-24 14:30:04 INFO  Hooks:21 - Base URL : http://localhost:3000
2021-03-24 14:31:17 INFO  Hooks:20 - :::: Starting automation :::
2021-03-24 14:31:17 INFO  Hooks:21 - Base URL : http://localhost:3000
2021-03-24 14:31:21 INFO  Hooks:20 - :::: Starting automation :::
2021-03-24 14:31:21 INFO  Hooks:21 - Base URL : http://localhost:3000
2021-03-24 14:32:04 INFO  Hooks:20 - :::: Starting automation :::
2021-03-24 14:32:04 INFO  Hooks:21 - Base URL : http://localhost:3000
2021-03-24 14:32:08 INFO  Hooks:20 - :::: Starting automation :::
2021-03-24 14:32:08 INFO  Hooks:21 - Base URL : http://localhost:3000
2021-03-24 14:32:23 INFO  Hooks:20 - :::: Starting automation :::
2021-03-24 14:32:23 INFO  Hooks:21 - Base URL : http://localhost:3000
2021-03-24 14:33:35 INFO  Hooks:20 - :::: Starting automation :::
2021-03-24 14:33:36 INFO  Hooks:21 - Base URL : http://localhost:3000
2021-03-24 14:34:27 INFO  Hooks:20 - :::: Starting automation :::
2021-03-24 14:34:27 INFO  Hooks:21 - Base URL : http://localhost:3000
2021-03-24 14:36:29 INFO  Hooks:20 - :::: Starting automation :::
2021-03-24 14:36:29 INFO  Hooks:21 - Base URL : http://localhost:3000
2021-03-24 14:37:23 INFO  Hooks:20 - :::: Starting automation :::
2021-03-24 14:37:23 INFO  Hooks:21 - Base URL : http://localhost:3000
2021-03-24 14:38:04 INFO  Hooks:20 - :::: Starting automation :::
2021-03-24 14:38:04 INFO  Hooks:21 - Base URL : http://localhost:3000
2021-03-24 14:57:56 INFO  Hooks:20 - :::: Starting automation :::
2021-03-24 14:57:56 INFO  Hooks:21 - Base URL : http://localhost:3000
2021-03-24 14:58:01 INFO  Hooks:20 - :::: Starting automation :::
2021-03-24 14:58:01 INFO  Hooks:21 - Base URL : http://localhost:3000
2021-03-24 15:06:29 INFO  Hooks:20 - :::: Starting automation :::
2021-03-24 15:06:29 INFO  Hooks:21 - Base URL : http://localhost:3000
2021-03-24 15:06:34 INFO  Hooks:20 - :::: Starting automation :::
2021-03-24 15:06:34 INFO  Hooks:21 - Base URL : http://localhost:3000
2021-03-24 15:07:29 INFO  Hooks:20 - :::: Starting automation :::
2021-03-24 15:07:29 INFO  Hooks:21 - Base URL : http://localhost:3000
2021-03-24 15:07:34 INFO  Hooks:20 - :::: Starting automation :::
2021-03-24 15:07:34 INFO  Hooks:21 - Base URL : http://localhost:3000
2021-03-24 15:08:54 INFO  Hooks:20 - :::: Starting automation :::
2021-03-24 15:08:54 INFO  Hooks:21 - Base URL : http://localhost:3000
2021-03-24 15:08:58 INFO  Hooks:20 - :::: Starting automation :::
2021-03-24 15:08:58 INFO  Hooks:21 - Base URL : http://localhost:3000
2021-03-24 15:09:35 INFO  Hooks:20 - :::: Starting automation :::
2021-03-24 15:09:35 INFO  Hooks:21 - Base URL : http://localhost:3000
2021-03-24 15:09:38 INFO  Hooks:20 - :::: Starting automation :::
2021-03-24 15:09:38 INFO  Hooks:21 - Base URL : http://localhost:3000
2021-03-24 15:24:07 INFO  Hooks:20 - :::: Starting automation :::
2021-03-24 15:24:07 INFO  Hooks:21 - Base URL : http://localhost:3000
2021-03-24 15:24:11 INFO  Hooks:20 - :::: Starting automation :::
2021-03-24 15:24:11 INFO  Hooks:21 - Base URL : http://localhost:3000
2021-03-24 15:24:11 INFO  Hooks:20 - :::: Starting automation :::
2021-03-24 15:24:11 INFO  Hooks:21 - Base URL : http://localhost:3000
2021-03-24 16:06:58 INFO  Hooks:20 - :::: Starting automation :::
2021-03-24 16:06:58 INFO  Hooks:21 - Base URL : http://localhost:3000
2021-03-24 16:07:03 INFO  Hooks:20 - :::: Starting automation :::
2021-03-24 16:07:03 INFO  Hooks:21 - Base URL : http://localhost:3000
2021-03-24 16:07:03 INFO  Hooks:20 - :::: Starting automation :::
2021-03-24 16:07:03 INFO  Hooks:21 - Base URL : http://localhost:3000
2021-03-24 16:07:46 INFO  Hooks:20 - :::: Starting automation :::
2021-03-24 16:07:46 INFO  Hooks:21 - Base URL : http://localhost:3000
2021-03-24 16:07:50 INFO  Hooks:20 - :::: Starting automation :::
2021-03-24 16:07:50 INFO  Hooks:21 - Base URL : http://localhost:3000
2021-03-24 16:07:50 INFO  Hooks:20 - :::: Starting automation :::
2021-03-24 16:07:50 INFO  Hooks:21 - Base URL : http://localhost:3000
2021-03-24 16:16:46 INFO  Hooks:20 - :::: Starting automation :::
2021-03-24 16:16:46 INFO  Hooks:21 - Base URL : http://localhost:3000
2021-03-24 16:16:51 INFO  Hooks:20 - :::: Starting automation :::
2021-03-24 16:16:51 INFO  Hooks:21 - Base URL : http://localhost:3000
2021-03-24 16:16:51 INFO  Hooks:20 - :::: Starting automation :::
2021-03-24 16:16:51 INFO  Hooks:21 - Base URL : http://localhost:3000
2021-03-24 16:35:25 INFO  Hooks:20 - :::: Starting automation :::
2021-03-24 16:35:25 INFO  Hooks:21 - Base URL : http://localhost:3000
2021-03-24 16:35:30 INFO  Hooks:20 - :::: Starting automation :::
2021-03-24 16:35:30 INFO  Hooks:21 - Base URL : http://localhost:3000
2021-03-24 16:35:30 INFO  Hooks:20 - :::: Starting automation :::
2021-03-24 16:35:30 INFO  Hooks:21 - Base URL : http://localhost:3000
2021-03-24 16:35:30 INFO  Hooks:20 - :::: Starting automation :::
2021-03-24 16:35:30 INFO  Hooks:21 - Base URL : http://localhost:3000
2021-03-24 16:35:30 INFO  Hooks:20 - :::: Starting automation :::
2021-03-24 16:35:30 INFO  Hooks:21 - Base URL : http://localhost:3000
2021-03-24 16:39:37 INFO  Hooks:20 - :::: Starting automation :::
2021-03-24 16:39:37 INFO  Hooks:21 - Base URL : http://localhost:3000
2021-03-24 16:39:42 INFO  Hooks:20 - :::: Starting automation :::
2021-03-24 16:39:42 INFO  Hooks:21 - Base URL : http://localhost:3000
2021-03-24 16:39:43 INFO  Hooks:20 - :::: Starting automation :::
2021-03-24 16:39:43 INFO  Hooks:21 - Base URL : http://localhost:3000
2021-03-24 16:39:43 INFO  Hooks:20 - :::: Starting automation :::
2021-03-24 16:39:43 INFO  Hooks:21 - Base URL : http://localhost:3000
2021-03-24 16:39:43 INFO  Hooks:20 - :::: Starting automation :::
2021-03-24 16:39:43 INFO  Hooks:21 - Base URL : http://localhost:3000
2021-03-24 16:45:08 INFO  Hooks:20 - :::: Starting automation :::
2021-03-24 16:45:08 INFO  Hooks:21 - Base URL : http://localhost:3000
2021-03-24 16:45:12 INFO  Hooks:20 - :::: Starting automation :::
2021-03-24 16:45:12 INFO  Hooks:21 - Base URL : http://localhost:3000
2021-03-24 16:45:12 INFO  Hooks:20 - :::: Starting automation :::
2021-03-24 16:45:12 INFO  Hooks:21 - Base URL : http://localhost:3000
2021-03-24 16:45:12 INFO  Hooks:20 - :::: Starting automation :::
2021-03-24 16:45:12 INFO  Hooks:21 - Base URL : http://localhost:3000
2021-03-24 16:45:12 INFO  Hooks:20 - :::: Starting automation :::
2021-03-24 16:45:12 INFO  Hooks:21 - Base URL : http://localhost:3000
2021-03-24 16:53:24 INFO  Hooks:20 - :::: Starting automation :::
2021-03-24 16:53:24 INFO  Hooks:21 - Base URL : http://localhost:3000
2021-03-24 16:53:28 INFO  Hooks:20 - :::: Starting automation :::
2021-03-24 16:53:28 INFO  Hooks:21 - Base URL : http://localhost:3000
2021-03-24 16:53:29 INFO  Hooks:20 - :::: Starting automation :::
2021-03-24 16:53:29 INFO  Hooks:21 - Base URL : http://localhost:3000
2021-03-24 16:53:29 INFO  Hooks:20 - :::: Starting automation :::
2021-03-24 16:53:29 INFO  Hooks:21 - Base URL : http://localhost:3000
2021-03-24 16:53:29 INFO  Hooks:20 - :::: Starting automation :::
2021-03-24 16:53:29 INFO  Hooks:21 - Base URL : http://localhost:3000
2021-03-24 16:57:36 INFO  Hooks:20 - :::: Starting automation :::
2021-03-24 16:57:36 INFO  Hooks:21 - Base URL : http://localhost:3000
2021-03-24 16:57:40 INFO  Hooks:20 - :::: Starting automation :::
2021-03-24 16:57:40 INFO  Hooks:21 - Base URL : http://localhost:3000
2021-03-24 16:57:40 INFO  Hooks:20 - :::: Starting automation :::
2021-03-24 16:57:40 INFO  Hooks:21 - Base URL : http://localhost:3000
2021-03-24 16:57:40 INFO  Hooks:20 - :::: Starting automation :::
2021-03-24 16:57:40 INFO  Hooks:21 - Base URL : http://localhost:3000
2021-03-24 16:57:40 INFO  Hooks:20 - :::: Starting automation :::
2021-03-24 16:57:40 INFO  Hooks:21 - Base URL : http://localhost:3000
2021-03-24 16:58:12 INFO  Hooks:20 - :::: Starting automation :::
2021-03-24 16:58:12 INFO  Hooks:21 - Base URL : http://localhost:3000
2021-03-24 16:58:17 INFO  Hooks:20 - :::: Starting automation :::
2021-03-24 16:58:17 INFO  Hooks:21 - Base URL : http://localhost:3000
2021-03-24 16:58:17 INFO  Hooks:20 - :::: Starting automation :::
2021-03-24 16:58:17 INFO  Hooks:21 - Base URL : http://localhost:3000
2021-03-24 16:58:17 INFO  Hooks:20 - :::: Starting automation :::
2021-03-24 16:58:17 INFO  Hooks:21 - Base URL : http://localhost:3000
2021-03-24 16:58:18 INFO  Hooks:20 - :::: Starting automation :::
2021-03-24 16:58:18 INFO  Hooks:21 - Base URL : http://localhost:3000
2021-03-24 17:02:53 INFO  Hooks:20 - :::: Starting automation :::
2021-03-24 17:02:53 INFO  Hooks:21 - Base URL : http://localhost:3000
2021-03-24 17:02:57 INFO  Hooks:20 - :::: Starting automation :::
2021-03-24 17:02:57 INFO  Hooks:21 - Base URL : http://localhost:3000
2021-03-24 17:02:57 INFO  Hooks:20 - :::: Starting automation :::
2021-03-24 17:02:57 INFO  Hooks:21 - Base URL : http://localhost:3000
2021-03-24 17:02:58 INFO  Hooks:20 - :::: Starting automation :::
2021-03-24 17:02:58 INFO  Hooks:21 - Base URL : http://localhost:3000
2021-03-24 17:02:58 INFO  Hooks:20 - :::: Starting automation :::
2021-03-24 17:02:58 INFO  Hooks:21 - Base URL : http://localhost:3000
2021-03-24 17:04:28 INFO  Hooks:20 - :::: Starting automation :::
2021-03-24 17:04:28 INFO  Hooks:21 - Base URL : http://localhost:3000
2021-03-24 17:04:33 INFO  Hooks:20 - :::: Starting automation :::
2021-03-24 17:04:33 INFO  Hooks:21 - Base URL : http://localhost:3000
2021-03-24 17:04:33 INFO  Hooks:20 - :::: Starting automation :::
2021-03-24 17:04:33 INFO  Hooks:21 - Base URL : http://localhost:3000
2021-03-24 17:04:33 INFO  Hooks:20 - :::: Starting automation :::
2021-03-24 17:04:33 INFO  Hooks:21 - Base URL : http://localhost:3000
2021-03-24 17:04:33 INFO  Hooks:20 - :::: Starting automation :::
2021-03-24 17:04:33 INFO  Hooks:21 - Base URL : http://localhost:3000
2021-03-24 17:05:03 INFO  Hooks:20 - :::: Starting automation :::
2021-03-24 17:05:03 INFO  Hooks:21 - Base URL : http://localhost:3000
2021-03-24 17:05:09 INFO  Hooks:20 - :::: Starting automation :::
2021-03-24 17:05:09 INFO  Hooks:21 - Base URL : http://localhost:3000
2021-03-24 17:05:09 INFO  Hooks:20 - :::: Starting automation :::
2021-03-24 17:05:09 INFO  Hooks:21 - Base URL : http://localhost:3000
2021-03-24 17:05:09 INFO  Hooks:20 - :::: Starting automation :::
2021-03-24 17:05:09 INFO  Hooks:21 - Base URL : http://localhost:3000
2021-03-24 17:05:09 INFO  Hooks:20 - :::: Starting automation :::
2021-03-24 17:05:09 INFO  Hooks:21 - Base URL : http://localhost:3000
2021-03-24 17:07:31 INFO  Hooks:20 - :::: Starting automation :::
2021-03-24 17:07:31 INFO  Hooks:21 - Base URL : http://localhost:3000
2021-03-24 17:07:35 INFO  Hooks:20 - :::: Starting automation :::
2021-03-24 17:07:35 INFO  Hooks:21 - Base URL : http://localhost:3000
2021-03-24 17:07:35 INFO  Hooks:20 - :::: Starting automation :::
2021-03-24 17:07:35 INFO  Hooks:21 - Base URL : http://localhost:3000
2021-03-24 17:07:35 INFO  Hooks:20 - :::: Starting automation :::
2021-03-24 17:07:35 INFO  Hooks:21 - Base URL : http://localhost:3000
2021-03-24 17:07:35 INFO  Hooks:20 - :::: Starting automation :::
2021-03-24 17:07:35 INFO  Hooks:21 - Base URL : http://localhost:3000
2021-03-24 17:07:57 INFO  Hooks:20 - :::: Starting automation :::
2021-03-24 17:07:57 INFO  Hooks:21 - Base URL : http://localhost:3000
2021-03-24 17:08:01 INFO  Hooks:20 - :::: Starting automation :::
2021-03-24 17:08:01 INFO  Hooks:21 - Base URL : http://localhost:3000
2021-03-24 17:08:01 INFO  Hooks:20 - :::: Starting automation :::
2021-03-24 17:08:01 INFO  Hooks:21 - Base URL : http://localhost:3000
2021-03-24 17:08:02 INFO  Hooks:20 - :::: Starting automation :::
2021-03-24 17:08:02 INFO  Hooks:21 - Base URL : http://localhost:3000
2021-03-24 17:08:02 INFO  Hooks:20 - :::: Starting automation :::
2021-03-24 17:08:02 INFO  Hooks:21 - Base URL : http://localhost:3000
2021-03-24 17:11:21 INFO  Hooks:20 - :::: Starting automation :::
2021-03-24 17:11:21 INFO  Hooks:21 - Base URL : http://localhost:3000
2021-03-24 17:11:25 INFO  Hooks:20 - :::: Starting automation :::
2021-03-24 17:11:25 INFO  Hooks:21 - Base URL : http://localhost:3000
2021-03-24 17:11:25 INFO  Hooks:20 - :::: Starting automation :::
2021-03-24 17:11:25 INFO  Hooks:21 - Base URL : http://localhost:3000
2021-03-24 17:11:25 INFO  Hooks:20 - :::: Starting automation :::
2021-03-24 17:11:25 INFO  Hooks:21 - Base URL : http://localhost:3000
2021-03-24 17:11:25 INFO  Hooks:20 - :::: Starting automation :::
2021-03-24 17:11:25 INFO  Hooks:21 - Base URL : http://localhost:3000
2021-03-24 17:49:49 INFO  Hooks:20 - :::: Starting automation :::
2021-03-24 17:49:49 INFO  Hooks:21 - Base URL : http://localhost:3000
2021-03-24 17:50:08 INFO  Hooks:20 - :::: Starting automation :::
2021-03-24 17:50:08 INFO  Hooks:21 - Base URL : http://localhost:3000
2021-03-24 17:50:08 INFO  Hooks:20 - :::: Starting automation :::
2021-03-24 17:50:08 INFO  Hooks:21 - Base URL : http://localhost:3000
2021-03-24 17:50:09 INFO  Hooks:20 - :::: Starting automation :::
2021-03-24 17:50:09 INFO  Hooks:21 - Base URL : http://localhost:3000
2021-03-24 18:13:38 INFO  Hooks:20 - :::: Starting automation :::
2021-03-24 18:13:38 INFO  Hooks:21 - Base URL : http://localhost:3000
2021-03-24 18:13:42 INFO  Hooks:20 - :::: Starting automation :::
2021-03-24 18:13:42 INFO  Hooks:21 - Base URL : http://localhost:3000
2021-03-24 18:13:42 INFO  Hooks:20 - :::: Starting automation :::
2021-03-24 18:13:42 INFO  Hooks:21 - Base URL : http://localhost:3000
2021-03-24 18:13:43 INFO  Hooks:20 - :::: Starting automation :::
2021-03-24 18:13:43 INFO  Hooks:21 - Base URL : http://localhost:3000
2021-03-24 18:15:24 INFO  Hooks:20 - :::: Starting automation :::
2021-03-24 18:15:24 INFO  Hooks:21 - Base URL : http://localhost:3000
2021-03-24 18:15:29 INFO  Hooks:20 - :::: Starting automation :::
2021-03-24 18:15:29 INFO  Hooks:21 - Base URL : http://localhost:3000
2021-03-24 18:15:30 INFO  Hooks:20 - :::: Starting automation :::
2021-03-24 18:15:30 INFO  Hooks:21 - Base URL : http://localhost:3000
2021-03-24 18:15:30 INFO  Hooks:20 - :::: Starting automation :::
2021-03-24 18:15:30 INFO  Hooks:21 - Base URL : http://localhost:3000
2021-03-24 18:23:20 INFO  Hooks:20 - :::: Starting automation :::
2021-03-24 18:23:20 INFO  Hooks:21 - Base URL : http://localhost:3000
2021-03-24 18:23:22 INFO  Hooks:20 - :::: Starting automation :::
2021-03-24 18:23:22 INFO  Hooks:21 - Base URL : http://localhost:3000
2021-03-24 18:23:22 INFO  Hooks:20 - :::: Starting automation :::
2021-03-24 18:23:22 INFO  Hooks:21 - Base URL : http://localhost:3000
2021-03-24 18:23:22 INFO  Hooks:20 - :::: Starting automation :::
2021-03-24 18:23:22 INFO  Hooks:21 - Base URL : http://localhost:3000
2021-03-24 18:25:19 INFO  Hooks:20 - :::: Starting automation :::
2021-03-24 18:25:19 INFO  Hooks:21 - Base URL : http://localhost:3000
2021-03-24 18:25:20 INFO  Hooks:20 - :::: Starting automation :::
2021-03-24 18:25:20 INFO  Hooks:21 - Base URL : http://localhost:3000
2021-03-24 18:25:20 INFO  Hooks:20 - :::: Starting automation :::
2021-03-24 18:25:20 INFO  Hooks:21 - Base URL : http://localhost:3000
2021-03-24 18:25:20 INFO  Hooks:20 - :::: Starting automation :::
2021-03-24 18:25:20 INFO  Hooks:21 - Base URL : http://localhost:3000
2021-03-24 18:26:03 INFO  Hooks:20 - :::: Starting automation :::
2021-03-24 18:26:03 INFO  Hooks:21 - Base URL : http://localhost:3000
2021-03-24 18:26:08 INFO  Hooks:20 - :::: Starting automation :::
2021-03-24 18:26:08 INFO  Hooks:21 - Base URL : http://localhost:3000
2021-03-24 18:26:08 INFO  Hooks:20 - :::: Starting automation :::
2021-03-24 18:26:08 INFO  Hooks:21 - Base URL : http://localhost:3000
2021-03-24 18:26:08 INFO  Hooks:20 - :::: Starting automation :::
2021-03-24 18:26:08 INFO  Hooks:21 - Base URL : http://localhost:3000
2021-03-24 18:41:18 INFO  Hooks:20 - :::: Starting automation :::
2021-03-24 18:41:18 INFO  Hooks:21 - Base URL : null
2021-03-24 18:41:20 INFO  Hooks:20 - :::: Starting automation :::
2021-03-24 18:41:20 INFO  Hooks:21 - Base URL : null
2021-03-24 18:41:20 INFO  Hooks:20 - :::: Starting automation :::
2021-03-24 18:41:20 INFO  Hooks:21 - Base URL : null
2021-03-24 18:41:20 INFO  Hooks:20 - :::: Starting automation :::
2021-03-24 18:41:20 INFO  Hooks:21 - Base URL : null
2021-03-24 18:42:19 INFO  Hooks:20 - :::: Starting automation :::
2021-03-24 18:42:19 INFO  Hooks:21 - Base URL : http://localhost:3000
2021-03-24 18:42:24 INFO  Hooks:20 - :::: Starting automation :::
2021-03-24 18:42:24 INFO  Hooks:21 - Base URL : http://localhost:3000
2021-03-24 18:42:24 INFO  Hooks:20 - :::: Starting automation :::
2021-03-24 18:42:24 INFO  Hooks:21 - Base URL : http://localhost:3000
2021-03-24 18:42:24 INFO  Hooks:20 - :::: Starting automation :::
2021-03-24 18:42:24 INFO  Hooks:21 - Base URL : http://localhost:3000
2021-03-24 18:43:15 INFO  Hooks:20 - :::: Starting automation :::
2021-03-24 18:43:15 INFO  Hooks:21 - Base URL : http://localhost:3000
2021-03-24 18:43:19 INFO  Hooks:20 - :::: Starting automation :::
2021-03-24 18:43:19 INFO  Hooks:21 - Base URL : http://localhost:3000
2021-03-24 18:43:19 INFO  Hooks:20 - :::: Starting automation :::
2021-03-24 18:43:19 INFO  Hooks:21 - Base URL : http://localhost:3000
2021-03-24 18:43:19 INFO  Hooks:20 - :::: Starting automation :::
2021-03-24 18:43:19 INFO  Hooks:21 - Base URL : http://localhost:3000
2021-03-24 18:43:42 INFO  Hooks:20 - :::: Starting automation :::
2021-03-24 18:43:42 INFO  Hooks:21 - Base URL : http://localhost:3000
2021-03-24 18:43:46 INFO  Hooks:20 - :::: Starting automation :::
2021-03-24 18:43:46 INFO  Hooks:21 - Base URL : http://localhost:3000
2021-03-24 18:43:46 INFO  Hooks:20 - :::: Starting automation :::
2021-03-24 18:43:46 INFO  Hooks:21 - Base URL : http://localhost:3000
2021-03-24 18:43:46 INFO  Hooks:20 - :::: Starting automation :::
2021-03-24 18:43:46 INFO  Hooks:21 - Base URL : http://localhost:3000
2021-03-24 18:59:12 INFO  Hooks:20 - :::: Starting automation :::
2021-03-24 18:59:12 INFO  Hooks:21 - Base URL : http://localhost:3000
2021-03-24 18:59:17 INFO  Hooks:20 - :::: Starting automation :::
2021-03-24 18:59:17 INFO  Hooks:21 - Base URL : http://localhost:3000
2021-03-24 18:59:17 INFO  Hooks:20 - :::: Starting automation :::
2021-03-24 18:59:17 INFO  Hooks:21 - Base URL : http://localhost:3000
2021-03-24 18:59:17 INFO  Hooks:20 - :::: Starting automation :::
2021-03-24 18:59:17 INFO  Hooks:21 - Base URL : http://localhost:3000
2021-03-24 18:59:51 INFO  Hooks:20 - :::: Starting automation :::
2021-03-24 18:59:51 INFO  Hooks:21 - Base URL : http://localhost:3000
2021-03-24 18:59:55 INFO  Hooks:20 - :::: Starting automation :::
2021-03-24 18:59:55 INFO  Hooks:21 - Base URL : http://localhost:3000
2021-03-24 18:59:55 INFO  Hooks:20 - :::: Starting automation :::
2021-03-24 18:59:55 INFO  Hooks:21 - Base URL : http://localhost:3000
2021-03-24 18:59:55 INFO  Hooks:20 - :::: Starting automation :::
2021-03-24 18:59:55 INFO  Hooks:21 - Base URL : http://localhost:3000
2021-03-24 19:00:23 INFO  Hooks:20 - :::: Starting automation :::
2021-03-24 19:00:23 INFO  Hooks:21 - Base URL : http://localhost:3000
2021-03-24 19:00:27 INFO  Hooks:20 - :::: Starting automation :::
2021-03-24 19:00:27 INFO  Hooks:21 - Base URL : http://localhost:3000
2021-03-24 19:00:27 INFO  Hooks:20 - :::: Starting automation :::
2021-03-24 19:00:27 INFO  Hooks:21 - Base URL : http://localhost:3000
2021-03-24 19:00:27 INFO  Hooks:20 - :::: Starting automation :::
2021-03-24 19:00:27 INFO  Hooks:21 - Base URL : http://localhost:3000
2021-03-24 19:25:21 INFO  Hooks:20 - :::: Starting automation :::
2021-03-24 19:25:21 INFO  Hooks:21 - Base URL : http://localhost:3000
2021-03-24 19:25:29 INFO  Hooks:20 - :::: Starting automation :::
2021-03-24 19:25:29 INFO  Hooks:21 - Base URL : http://localhost:3000
2021-03-24 19:25:29 INFO  Hooks:20 - :::: Starting automation :::
2021-03-24 19:25:29 INFO  Hooks:21 - Base URL : http://localhost:3000
2021-03-24 19:25:30 INFO  Hooks:20 - :::: Starting automation :::
2021-03-24 19:25:30 INFO  Hooks:21 - Base URL : http://localhost:3000
2021-03-24 19:26:17 INFO  Hooks:20 - :::: Starting automation :::
2021-03-24 19:26:17 INFO  Hooks:21 - Base URL : http://localhost:3000
2021-03-24 19:26:23 INFO  Hooks:20 - :::: Starting automation :::
2021-03-24 19:26:23 INFO  Hooks:21 - Base URL : http://localhost:3000
2021-03-24 19:26:24 INFO  Hooks:20 - :::: Starting automation :::
2021-03-24 19:26:24 INFO  Hooks:21 - Base URL : http://localhost:3000
2021-03-24 19:26:24 INFO  Hooks:20 - :::: Starting automation :::
2021-03-24 19:26:24 INFO  Hooks:21 - Base URL : http://localhost:3000
2021-03-24 19:38:14 INFO  Hooks:20 - :::: Starting automation :::
2021-03-24 19:38:14 INFO  Hooks:21 - Base URL : http://localhost:3000
2021-03-24 19:38:24 INFO  Hooks:20 - :::: Starting automation :::
2021-03-24 19:38:24 INFO  Hooks:21 - Base URL : http://localhost:3000
2021-03-24 19:38:24 INFO  Hooks:20 - :::: Starting automation :::
2021-03-24 19:38:24 INFO  Hooks:21 - Base URL : http://localhost:3000
2021-03-24 19:38:24 INFO  Hooks:20 - :::: Starting automation :::
2021-03-24 19:38:24 INFO  Hooks:21 - Base URL : http://localhost:3000
2021-03-24 19:43:25 INFO  Hooks:20 - :::: Starting automation :::
2021-03-24 19:43:25 INFO  Hooks:21 - Base URL : http://localhost:3000
2021-03-24 19:43:30 INFO  Hooks:20 - :::: Starting automation :::
2021-03-24 19:43:30 INFO  Hooks:21 - Base URL : http://localhost:3000
2021-03-24 19:43:30 INFO  Hooks:20 - :::: Starting automation :::
2021-03-24 19:43:30 INFO  Hooks:21 - Base URL : http://localhost:3000
2021-03-24 19:43:31 INFO  Hooks:20 - :::: Starting automation :::
2021-03-24 19:43:31 INFO  Hooks:21 - Base URL : http://localhost:3000
2021-03-24 20:25:02 INFO  Hooks:20 - :::: Starting automation :::
2021-03-24 20:25:02 INFO  Hooks:21 - Base URL : http://localhost:3000
2021-03-24 20:25:10 INFO  Hooks:20 - :::: Starting automation :::
2021-03-24 20:25:10 INFO  Hooks:21 - Base URL : http://localhost:3000
2021-03-24 20:25:10 INFO  Hooks:20 - :::: Starting automation :::
2021-03-24 20:25:10 INFO  Hooks:21 - Base URL : http://localhost:3000
2021-03-24 20:25:11 INFO  Hooks:20 - :::: Starting automation :::
2021-03-24 20:25:11 INFO  Hooks:21 - Base URL : http://localhost:3000
2021-03-24 20:25:36 INFO  Hooks:20 - :::: Starting automation :::
2021-03-24 20:25:36 INFO  Hooks:21 - Base URL : http://localhost:3000
2021-03-24 20:25:45 INFO  Hooks:20 - :::: Starting automation :::
2021-03-24 20:25:45 INFO  Hooks:21 - Base URL : http://localhost:3000
2021-03-24 20:25:45 INFO  Hooks:20 - :::: Starting automation :::
2021-03-24 20:25:45 INFO  Hooks:21 - Base URL : http://localhost:3000
2021-03-24 20:25:46 INFO  Hooks:20 - :::: Starting automation :::
2021-03-24 20:25:46 INFO  Hooks:21 - Base URL : http://localhost:3000
2021-03-24 22:30:47 INFO  Hooks:20 - :::: Starting automation :::
2021-03-24 22:30:47 INFO  Hooks:21 - Base URL : http://localhost:3000
2021-03-24 22:30:51 INFO  Hooks:20 - :::: Starting automation :::
2021-03-24 22:30:51 INFO  Hooks:21 - Base URL : http://localhost:3000
2021-03-24 22:30:51 INFO  Hooks:20 - :::: Starting automation :::
2021-03-24 22:30:51 INFO  Hooks:21 - Base URL : http://localhost:3000
2021-03-24 22:30:51 INFO  Hooks:20 - :::: Starting automation :::
2021-03-24 22:30:51 INFO  Hooks:21 - Base URL : http://localhost:3000
2021-03-24 22:34:33 INFO  Hooks:20 - :::: Starting automation :::
2021-03-24 22:34:33 INFO  Hooks:21 - Base URL : http://localhost:3000
2021-03-24 22:34:36 INFO  Hooks:20 - :::: Starting automation :::
2021-03-24 22:34:36 INFO  Hooks:21 - Base URL : http://localhost:3000
2021-03-24 22:34:36 INFO  Hooks:20 - :::: Starting automation :::
2021-03-24 22:34:36 INFO  Hooks:21 - Base URL : http://localhost:3000
2021-03-24 22:34:36 INFO  Hooks:20 - :::: Starting automation :::
2021-03-24 22:34:36 INFO  Hooks:21 - Base URL : http://localhost:3000
2021-03-24 22:35:07 INFO  Hooks:20 - :::: Starting automation :::
2021-03-24 22:35:07 INFO  Hooks:21 - Base URL : http://localhost:3000
2021-03-24 22:35:11 INFO  Hooks:20 - :::: Starting automation :::
2021-03-24 22:35:11 INFO  Hooks:21 - Base URL : http://localhost:3000
2021-03-24 22:35:11 INFO  Hooks:20 - :::: Starting automation :::
2021-03-24 22:35:11 INFO  Hooks:21 - Base URL : http://localhost:3000
2021-03-24 22:35:12 INFO  Hooks:20 - :::: Starting automation :::
2021-03-24 22:35:12 INFO  Hooks:21 - Base URL : http://localhost:3000
2021-03-24 23:53:04 INFO  Hooks:20 - :::: Starting automation :::
2021-03-24 23:53:04 INFO  Hooks:21 - Base URL : http://localhost:3000
2021-03-24 23:53:08 INFO  Hooks:20 - :::: Starting automation :::
2021-03-24 23:53:08 INFO  Hooks:21 - Base URL : http://localhost:3000
2021-03-24 23:53:08 INFO  Hooks:20 - :::: Starting automation :::
2021-03-24 23:53:08 INFO  Hooks:21 - Base URL : http://localhost:3000
2021-03-24 23:53:08 INFO  Hooks:20 - :::: Starting automation :::
2021-03-24 23:53:08 INFO  Hooks:21 - Base URL : http://localhost:3000
2021-03-24 23:53:08 INFO  Hooks:20 - :::: Starting automation :::
2021-03-24 23:53:08 INFO  Hooks:21 - Base URL : http://localhost:3000
2021-03-25 11:53:06 INFO  Hooks:20 - :::: Starting automation :::
2021-03-25 11:53:06 INFO  Hooks:21 - Base URL : http://localhost:3000
2021-03-25 11:53:11 INFO  Hooks:20 - :::: Starting automation :::
2021-03-25 11:53:11 INFO  Hooks:21 - Base URL : http://localhost:3000
2021-03-25 11:53:11 INFO  Hooks:20 - :::: Starting automation :::
2021-03-25 11:53:11 INFO  Hooks:21 - Base URL : http://localhost:3000
2021-03-25 11:53:11 INFO  Hooks:20 - :::: Starting automation :::
2021-03-25 11:53:11 INFO  Hooks:21 - Base URL : http://localhost:3000
2021-03-25 11:53:11 INFO  Hooks:20 - :::: Starting automation :::
2021-03-25 11:53:11 INFO  Hooks:21 - Base URL : http://localhost:3000
2021-03-25 11:56:28 INFO  Hooks:20 - :::: Starting automation :::
2021-03-25 11:56:28 INFO  Hooks:21 - Base URL : http://localhost:3000
2021-03-25 11:56:32 INFO  Hooks:20 - :::: Starting automation :::
2021-03-25 11:56:32 INFO  Hooks:21 - Base URL : http://localhost:3000
2021-03-25 11:56:32 INFO  Hooks:20 - :::: Starting automation :::
2021-03-25 11:56:32 INFO  Hooks:21 - Base URL : http://localhost:3000
2021-03-25 11:56:32 INFO  Hooks:20 - :::: Starting automation :::
2021-03-25 11:56:32 INFO  Hooks:21 - Base URL : http://localhost:3000
2021-03-25 11:56:33 INFO  Hooks:20 - :::: Starting automation :::
2021-03-25 11:56:33 INFO  Hooks:21 - Base URL : http://localhost:3000
2021-03-25 11:57:10 INFO  Hooks:20 - :::: Starting automation :::
2021-03-25 11:57:10 INFO  Hooks:21 - Base URL : http://localhost:3000
2021-03-25 11:57:15 INFO  Hooks:20 - :::: Starting automation :::
2021-03-25 11:57:15 INFO  Hooks:21 - Base URL : http://localhost:3000
2021-03-25 11:57:15 INFO  Hooks:20 - :::: Starting automation :::
2021-03-25 11:57:15 INFO  Hooks:21 - Base URL : http://localhost:3000
2021-03-25 11:57:15 INFO  Hooks:20 - :::: Starting automation :::
2021-03-25 11:57:15 INFO  Hooks:21 - Base URL : http://localhost:3000
2021-03-25 11:57:15 INFO  Hooks:20 - :::: Starting automation :::
2021-03-25 11:57:15 INFO  Hooks:21 - Base URL : http://localhost:3000
2021-03-25 12:39:49 INFO  Hooks:20 - :::: Starting automation :::
2021-03-25 12:39:49 INFO  Hooks:21 - Base URL : http://localhost:3000
2021-03-25 12:39:53 INFO  Hooks:20 - :::: Starting automation :::
2021-03-25 12:39:53 INFO  Hooks:21 - Base URL : http://localhost:3000
2021-03-25 12:39:54 INFO  Hooks:20 - :::: Starting automation :::
2021-03-25 12:39:54 INFO  Hooks:21 - Base URL : http://localhost:3000
2021-03-25 12:39:54 INFO  Hooks:20 - :::: Starting automation :::
2021-03-25 12:39:54 INFO  Hooks:21 - Base URL : http://localhost:3000
2021-03-25 12:39:54 INFO  Hooks:20 - :::: Starting automation :::
2021-03-25 12:39:54 INFO  Hooks:21 - Base URL : http://localhost:3000
2021-03-25 12:40:16 INFO  Hooks:20 - :::: Starting automation :::
2021-03-25 12:40:16 INFO  Hooks:21 - Base URL : http://localhost:3000
2021-03-25 12:40:20 INFO  Hooks:20 - :::: Starting automation :::
2021-03-25 12:40:20 INFO  Hooks:21 - Base URL : http://localhost:3000
2021-03-25 12:40:20 INFO  Hooks:20 - :::: Starting automation :::
2021-03-25 12:40:20 INFO  Hooks:21 - Base URL : http://localhost:3000
2021-03-25 12:40:21 INFO  Hooks:20 - :::: Starting automation :::
2021-03-25 12:40:21 INFO  Hooks:21 - Base URL : http://localhost:3000
2021-03-25 12:41:30 INFO  Hooks:20 - :::: Starting automation :::
2021-03-25 12:41:30 INFO  Hooks:21 - Base URL : http://localhost:3000
2021-03-25 12:41:34 INFO  Hooks:20 - :::: Starting automation :::
2021-03-25 12:41:34 INFO  Hooks:21 - Base URL : http://localhost:3000
2021-03-25 12:41:34 INFO  Hooks:20 - :::: Starting automation :::
2021-03-25 12:41:34 INFO  Hooks:21 - Base URL : http://localhost:3000
2021-03-25 12:41:34 INFO  Hooks:20 - :::: Starting automation :::
2021-03-25 12:41:34 INFO  Hooks:21 - Base URL : http://localhost:3000
2021-03-25 12:43:33 INFO  Hooks:20 - :::: Starting automation :::
2021-03-25 12:43:33 INFO  Hooks:21 - Base URL : http://localhost:3000
2021-03-25 12:51:21 INFO  Hooks:20 - :::: Starting automation :::
2021-03-25 12:51:21 INFO  Hooks:21 - Base URL : http://localhost:3000
2021-03-29 14:49:59 INFO  Hooks:20 - :::: Starting automation :::
2021-03-29 14:49:59 INFO  Hooks:21 - Base URL : http://localhost:3000
2021-03-29 14:50:08 INFO  Hooks:20 - :::: Starting automation :::
2021-03-29 14:50:08 INFO  Hooks:21 - Base URL : http://localhost:3000
2021-03-29 14:50:08 INFO  Hooks:20 - :::: Starting automation :::
2021-03-29 14:50:08 INFO  Hooks:21 - Base URL : http://localhost:3000
2021-03-29 14:50:08 INFO  Hooks:20 - :::: Starting automation :::
2021-03-29 14:50:08 INFO  Hooks:21 - Base URL : http://localhost:3000
2021-03-29 14:50:45 INFO  Hooks:20 - :::: Starting automation :::
2021-03-29 14:50:45 INFO  Hooks:21 - Base URL : http://localhost:3000
2021-03-29 14:50:54 INFO  Hooks:20 - :::: Starting automation :::
2021-03-29 14:50:54 INFO  Hooks:21 - Base URL : http://localhost:3000
2021-03-29 14:50:54 INFO  Hooks:20 - :::: Starting automation :::
2021-03-29 14:50:54 INFO  Hooks:21 - Base URL : http://localhost:3000
2021-03-29 14:50:54 INFO  Hooks:20 - :::: Starting automation :::
2021-03-29 14:50:54 INFO  Hooks:21 - Base URL : http://localhost:3000
2021-03-29 15:31:36 INFO  Hooks:20 - :::: Starting automation :::
2021-03-29 15:31:36 INFO  Hooks:21 - Base URL : http://localhost:3000
2021-03-29 15:31:45 INFO  Hooks:20 - :::: Starting automation :::
2021-03-29 15:31:45 INFO  Hooks:21 - Base URL : http://localhost:3000
2021-03-29 15:31:45 INFO  Hooks:20 - :::: Starting automation :::
2021-03-29 15:31:45 INFO  Hooks:21 - Base URL : http://localhost:3000
2021-03-29 15:31:46 INFO  Hooks:20 - :::: Starting automation :::
2021-03-29 15:31:46 INFO  Hooks:21 - Base URL : http://localhost:3000
2021-03-29 15:32:10 INFO  Hooks:20 - :::: Starting automation :::
2021-03-29 15:32:10 INFO  Hooks:21 - Base URL : http://localhost:3000
2021-03-29 15:32:23 INFO  Hooks:20 - :::: Starting automation :::
2021-03-29 15:32:23 INFO  Hooks:21 - Base URL : http://localhost:3000
2021-03-29 15:32:23 INFO  Hooks:20 - :::: Starting automation :::
2021-03-29 15:32:23 INFO  Hooks:21 - Base URL : http://localhost:3000
2021-03-29 15:32:24 INFO  Hooks:20 - :::: Starting automation :::
2021-03-29 15:32:24 INFO  Hooks:21 - Base URL : http://localhost:3000
2021-03-29 15:32:44 INFO  Hooks:20 - :::: Starting automation :::
2021-03-29 15:32:44 INFO  Hooks:21 - Base URL : http://localhost:3000
2021-03-29 15:32:56 INFO  Hooks:20 - :::: Starting automation :::
2021-03-29 15:32:56 INFO  Hooks:21 - Base URL : http://localhost:3000
2021-03-29 15:32:56 INFO  Hooks:20 - :::: Starting automation :::
2021-03-29 15:32:56 INFO  Hooks:21 - Base URL : http://localhost:3000
2021-03-29 15:32:56 INFO  Hooks:20 - :::: Starting automation :::
2021-03-29 15:32:56 INFO  Hooks:21 - Base URL : http://localhost:3000
2021-03-29 15:38:16 INFO  Hooks:20 - :::: Starting automation :::
2021-03-29 15:38:16 INFO  Hooks:21 - Base URL : http://localhost:3000
2021-03-29 15:38:27 INFO  Hooks:20 - :::: Starting automation :::
2021-03-29 15:38:27 INFO  Hooks:21 - Base URL : http://localhost:3000
2021-03-29 15:38:28 INFO  Hooks:20 - :::: Starting automation :::
2021-03-29 15:38:28 INFO  Hooks:21 - Base URL : http://localhost:3000
2021-03-29 15:38:29 INFO  Hooks:20 - :::: Starting automation :::
2021-03-29 15:38:29 INFO  Hooks:21 - Base URL : http://localhost:3000
2021-03-29 15:39:04 INFO  Hooks:20 - :::: Starting automation :::
2021-03-29 15:39:04 INFO  Hooks:21 - Base URL : http://localhost:3000
2021-03-29 15:39:13 INFO  Hooks:20 - :::: Starting automation :::
2021-03-29 15:39:13 INFO  Hooks:21 - Base URL : http://localhost:3000
2021-03-29 15:39:13 INFO  Hooks:20 - :::: Starting automation :::
2021-03-29 15:39:13 INFO  Hooks:21 - Base URL : http://localhost:3000
2021-03-29 15:39:13 INFO  Hooks:20 - :::: Starting automation :::
2021-03-29 15:39:13 INFO  Hooks:21 - Base URL : http://localhost:3000
2021-03-29 15:40:01 INFO  Hooks:20 - :::: Starting automation :::
2021-03-29 15:40:01 INFO  Hooks:21 - Base URL : http://localhost:3000
2021-03-29 15:40:10 INFO  Hooks:20 - :::: Starting automation :::
2021-03-29 15:40:10 INFO  Hooks:21 - Base URL : http://localhost:3000
2021-03-29 15:40:10 INFO  Hooks:20 - :::: Starting automation :::
2021-03-29 15:40:10 INFO  Hooks:21 - Base URL : http://localhost:3000
2021-03-29 15:40:11 INFO  Hooks:20 - :::: Starting automation :::
2021-03-29 15:40:11 INFO  Hooks:21 - Base URL : http://localhost:3000
2021-03-29 15:46:53 INFO  Hooks:20 - :::: Starting automation :::
2021-03-29 15:46:53 INFO  Hooks:21 - Base URL : http://localhost:3000
2021-03-29 15:47:02 INFO  Hooks:20 - :::: Starting automation :::
2021-03-29 15:47:02 INFO  Hooks:21 - Base URL : http://localhost:3000
2021-03-29 15:47:02 INFO  Hooks:20 - :::: Starting automation :::
2021-03-29 15:47:02 INFO  Hooks:21 - Base URL : http://localhost:3000
2021-03-29 15:47:02 INFO  Hooks:20 - :::: Starting automation :::
2021-03-29 15:47:02 INFO  Hooks:21 - Base URL : http://localhost:3000
2021-03-29 15:53:54 INFO  Hooks:20 - :::: Starting automation :::
2021-03-29 15:53:54 INFO  Hooks:21 - Base URL : http://localhost:3000
2021-03-29 15:54:03 INFO  Hooks:20 - :::: Starting automation :::
2021-03-29 15:54:03 INFO  Hooks:21 - Base URL : http://localhost:3000
2021-03-29 15:54:03 INFO  Hooks:20 - :::: Starting automation :::
2021-03-29 15:54:03 INFO  Hooks:21 - Base URL : http://localhost:3000
2021-03-29 15:54:03 INFO  Hooks:20 - :::: Starting automation :::
2021-03-29 15:54:03 INFO  Hooks:21 - Base URL : http://localhost:3000
2021-03-29 15:55:07 INFO  Hooks:20 - :::: Starting automation :::
2021-03-29 15:55:07 INFO  Hooks:21 - Base URL : http://localhost:3000
2021-03-29 15:55:16 INFO  Hooks:20 - :::: Starting automation :::
2021-03-29 15:55:16 INFO  Hooks:21 - Base URL : http://localhost:3000
2021-03-29 15:55:16 INFO  Hooks:20 - :::: Starting automation :::
2021-03-29 15:55:16 INFO  Hooks:21 - Base URL : http://localhost:3000
2021-03-29 15:55:16 INFO  Hooks:20 - :::: Starting automation :::
2021-03-29 15:55:16 INFO  Hooks:21 - Base URL : http://localhost:3000
2021-03-29 15:55:41 INFO  Hooks:20 - :::: Starting automation :::
2021-03-29 15:55:41 INFO  Hooks:21 - Base URL : http://localhost:3000
2021-03-29 15:55:52 INFO  Hooks:20 - :::: Starting automation :::
2021-03-29 15:55:52 INFO  Hooks:21 - Base URL : http://localhost:3000
2021-03-29 15:55:52 INFO  Hooks:20 - :::: Starting automation :::
2021-03-29 15:55:52 INFO  Hooks:21 - Base URL : http://localhost:3000
2021-03-29 15:55:53 INFO  Hooks:20 - :::: Starting automation :::
2021-03-29 15:55:53 INFO  Hooks:21 - Base URL : http://localhost:3000
2021-03-29 16:19:22 INFO  Hooks:20 - :::: Starting automation :::
2021-03-29 16:19:22 INFO  Hooks:21 - Base URL : http://localhost:3000
2021-03-29 16:19:34 INFO  Hooks:20 - :::: Starting automation :::
2021-03-29 16:19:34 INFO  Hooks:21 - Base URL : http://localhost:3000
2021-03-29 16:19:34 INFO  Hooks:20 - :::: Starting automation :::
2021-03-29 16:19:34 INFO  Hooks:21 - Base URL : http://localhost:3000
2021-03-29 16:19:34 INFO  Hooks:20 - :::: Starting automation :::
2021-03-29 16:19:34 INFO  Hooks:21 - Base URL : http://localhost:3000
2021-03-29 16:20:08 INFO  Hooks:20 - :::: Starting automation :::
2021-03-29 16:20:08 INFO  Hooks:21 - Base URL : http://localhost:3000
2021-03-29 16:20:15 INFO  Hooks:20 - :::: Starting automation :::
2021-03-29 16:20:15 INFO  Hooks:21 - Base URL : http://localhost:3000
2021-03-29 16:20:15 INFO  Hooks:20 - :::: Starting automation :::
2021-03-29 16:20:15 INFO  Hooks:21 - Base URL : http://localhost:3000
2021-03-29 16:20:16 INFO  Hooks:20 - :::: Starting automation :::
2021-03-29 16:20:16 INFO  Hooks:21 - Base URL : http://localhost:3000
2021-03-29 16:52:40 INFO  Hooks:20 - :::: Starting automation :::
2021-03-29 16:52:40 INFO  Hooks:21 - Base URL : http://localhost:3000
2021-03-29 16:52:46 INFO  Hooks:20 - :::: Starting automation :::
2021-03-29 16:52:46 INFO  Hooks:21 - Base URL : http://localhost:3000
2021-03-29 16:52:46 INFO  Hooks:20 - :::: Starting automation :::
2021-03-29 16:52:46 INFO  Hooks:21 - Base URL : http://localhost:3000
2021-03-29 16:52:46 INFO  Hooks:20 - :::: Starting automation :::
2021-03-29 16:52:46 INFO  Hooks:21 - Base URL : http://localhost:3000
2021-03-29 16:53:26 INFO  Hooks:20 - :::: Starting automation :::
2021-03-29 16:53:26 INFO  Hooks:21 - Base URL : http://localhost:3000
2021-03-29 16:53:31 INFO  Hooks:20 - :::: Starting automation :::
2021-03-29 16:53:31 INFO  Hooks:21 - Base URL : http://localhost:3000
2021-03-29 16:53:32 INFO  Hooks:20 - :::: Starting automation :::
2021-03-29 16:53:32 INFO  Hooks:21 - Base URL : http://localhost:3000
2021-03-29 16:53:32 INFO  Hooks:20 - :::: Starting automation :::
2021-03-29 16:53:32 INFO  Hooks:21 - Base URL : http://localhost:3000
2021-03-29 16:54:10 INFO  Hooks:20 - :::: Starting automation :::
2021-03-29 16:54:10 INFO  Hooks:21 - Base URL : http://localhost:3000
2021-03-29 16:54:18 INFO  Hooks:20 - :::: Starting automation :::
2021-03-29 16:54:18 INFO  Hooks:21 - Base URL : http://localhost:3000
2021-03-29 16:54:18 INFO  Hooks:20 - :::: Starting automation :::
2021-03-29 16:54:18 INFO  Hooks:21 - Base URL : http://localhost:3000
2021-03-29 16:54:18 INFO  Hooks:20 - :::: Starting automation :::
2021-03-29 16:54:18 INFO  Hooks:21 - Base URL : http://localhost:3000
2021-03-29 16:56:51 INFO  Hooks:20 - :::: Starting automation :::
2021-03-29 16:56:51 INFO  Hooks:21 - Base URL : http://localhost:3000
2021-03-29 16:56:54 INFO  Hooks:20 - :::: Starting automation :::
2021-03-29 16:56:54 INFO  Hooks:21 - Base URL : http://localhost:3000
2021-03-29 17:00:24 INFO  Hooks:20 - :::: Starting automation :::
2021-03-29 17:00:24 INFO  Hooks:21 - Base URL : http://localhost:3000
2021-03-29 17:00:27 INFO  Hooks:20 - :::: Starting automation :::
2021-03-29 17:00:27 INFO  Hooks:21 - Base URL : http://localhost:3000
2021-03-29 17:05:29 INFO  Hooks:20 - :::: Starting automation :::
2021-03-29 17:05:29 INFO  Hooks:21 - Base URL : null
2021-03-29 17:05:36 INFO  Hooks:20 - :::: Starting automation :::
2021-03-29 17:05:36 INFO  Hooks:21 - Base URL : null
2021-03-29 17:05:37 INFO  Hooks:20 - :::: Starting automation :::
2021-03-29 17:05:37 INFO  Hooks:21 - Base URL : null
2021-03-29 17:05:37 INFO  Hooks:20 - :::: Starting automation :::
2021-03-29 17:05:37 INFO  Hooks:21 - Base URL : null
2021-03-29 17:12:55 INFO  Hooks:20 - :::: Starting automation :::
2021-03-29 17:12:55 INFO  Hooks:21 - Base URL : null
2021-03-29 17:12:57 INFO  Hooks:20 - :::: Starting automation :::
2021-03-29 17:12:57 INFO  Hooks:21 - Base URL : null
2021-03-29 17:14:14 INFO  Hooks:20 - :::: Starting automation :::
2021-03-29 17:14:14 INFO  Hooks:21 - Base URL : null
2021-03-29 17:14:18 INFO  Hooks:20 - :::: Starting automation :::
2021-03-29 17:14:18 INFO  Hooks:21 - Base URL : null
2021-03-29 17:15:38 INFO  Hooks:20 - :::: Starting automation :::
2021-03-29 17:15:38 INFO  Hooks:21 - Base URL : null
2021-03-29 17:15:41 INFO  Hooks:20 - :::: Starting automation :::
2021-03-29 17:15:41 INFO  Hooks:21 - Base URL : null
2021-03-29 17:16:05 INFO  Hooks:20 - :::: Starting automation :::
2021-03-29 17:16:05 INFO  Hooks:21 - Base URL : null
2021-03-29 17:16:13 INFO  Hooks:20 - :::: Starting automation :::
2021-03-29 17:16:13 INFO  Hooks:21 - Base URL : null
2021-03-29 17:16:13 INFO  Hooks:20 - :::: Starting automation :::
2021-03-29 17:16:13 INFO  Hooks:21 - Base URL : null
2021-03-29 17:16:13 INFO  Hooks:20 - :::: Starting automation :::
2021-03-29 17:16:13 INFO  Hooks:21 - Base URL : null
2021-03-29 17:18:31 INFO  Hooks:20 - :::: Starting automation :::
2021-03-29 17:18:31 INFO  Hooks:21 - Base URL : null
2021-03-29 17:18:35 INFO  Hooks:20 - :::: Starting automation :::
2021-03-29 17:18:35 INFO  Hooks:21 - Base URL : null
2021-03-29 17:21:10 INFO  Hooks:20 - :::: Starting automation :::
2021-03-29 17:21:10 INFO  Hooks:21 - Base URL : null
2021-03-29 17:21:18 INFO  Hooks:20 - :::: Starting automation :::
2021-03-29 17:21:18 INFO  Hooks:21 - Base URL : null
2021-03-29 17:21:18 INFO  Hooks:20 - :::: Starting automation :::
2021-03-29 17:21:18 INFO  Hooks:21 - Base URL : null
2021-03-29 17:21:19 INFO  Hooks:20 - :::: Starting automation :::
2021-03-29 17:21:19 INFO  Hooks:21 - Base URL : null
2021-03-29 17:39:10 INFO  Hooks:20 - :::: Starting automation :::
2021-03-29 17:39:10 INFO  Hooks:21 - Base URL : null
2021-03-29 17:39:13 INFO  Hooks:20 - :::: Starting automation :::
2021-03-29 17:39:13 INFO  Hooks:21 - Base URL : null
2021-03-29 17:39:13 INFO  Hooks:20 - :::: Starting automation :::
2021-03-29 17:39:13 INFO  Hooks:21 - Base URL : null
2021-03-29 17:39:13 INFO  Hooks:20 - :::: Starting automation :::
2021-03-29 17:39:13 INFO  Hooks:21 - Base URL : null
2021-03-29 17:42:02 INFO  Hooks:20 - :::: Starting automation :::
2021-03-29 17:42:02 INFO  Hooks:21 - Base URL : null
2021-03-29 17:42:46 INFO  Hooks:20 - :::: Starting automation :::
2021-03-29 17:42:46 INFO  Hooks:21 - Base URL : null
2021-03-29 17:43:35 INFO  Hooks:20 - :::: Starting automation :::
2021-03-29 17:43:35 INFO  Hooks:21 - Base URL : null
2021-03-31 23:04:34 INFO  DefaultHttpClient:695 - I/O exception (org.apache.http.NoHttpResponseException) caught when processing request to {}->http://localhost:8085: The target server failed to respond
2021-03-31 23:04:34 INFO  DefaultHttpClient:705 - Retrying request to {}->http://localhost:8085
2021-03-31 23:04:34 INFO  DefaultHttpClient:695 - I/O exception (org.apache.http.NoHttpResponseException) caught when processing request to {}->http://localhost:8085: The target server failed to respond
2021-03-31 23:04:34 INFO  DefaultHttpClient:705 - Retrying request to {}->http://localhost:8085
2021-03-31 23:04:34 INFO  DefaultHttpClient:695 - I/O exception (org.apache.http.NoHttpResponseException) caught when processing request to {}->http://localhost:8085: The target server failed to respond
2021-03-31 23:04:34 INFO  DefaultHttpClient:705 - Retrying request to {}->http://localhost:8085
